{"numFailedTestSuites":0,"numFailedTests":0,"numPassedTestSuites":12,"numPassedTests":45,"numPendingTestSuites":0,"numPendingTests":0,"numRuntimeErrorTestSuites":0,"numTotalTestSuites":12,"numTotalTests":45,"snapshot":{"added":0,"didUpdate":false,"failure":false,"filesAdded":0,"filesRemoved":0,"filesUnmatched":0,"filesUpdated":0,"matched":0,"total":0,"unchecked":0,"unmatched":0,"updated":0},"startTime":1513943601112,"success":true,"testResults":[{"assertionResults":[{"ancestorTitles":["Saga: notifications/worker"],"failureMessages":[],"fullName":"Saga: notifications/worker generates an id","status":"passed","title":"generates an id"},{"ancestorTitles":["Saga: notifications/worker"],"failureMessages":[],"fullName":"Saga: notifications/worker puts push","status":"passed","title":"puts push"},{"ancestorTitles":["Saga: notifications/worker"],"failureMessages":[],"fullName":"Saga: notifications/worker calls delay for 5 seconds","status":"passed","title":"calls delay for 5 seconds"},{"ancestorTitles":["Saga: notifications/worker"],"failureMessages":[],"fullName":"Saga: notifications/worker puts remove","status":"passed","title":"puts remove"}],"endTime":1513943602523,"message":"","name":"/var/www/time-tracker/resources/assets/js/__test__/sagas/notifications/worker.spec.js","startTime":1513943601765,"status":"passed","summary":""},{"assertionResults":[{"ancestorTitles":["Saga: run_timer/worker"],"failureMessages":[],"fullName":"Saga: run_timer/worker does not do anything if the task is already playing","status":"passed","title":"does not do anything if the task is already playing"},{"ancestorTitles":["Saga: run_timer/worker"],"failureMessages":[],"fullName":"Saga: run_timer/worker runs when failedToRun is true","status":"passed","title":"runs when failedToRun is true"},{"ancestorTitles":["Saga: run_timer/worker"],"failureMessages":[],"fullName":"Saga: run_timer/worker runs when the task is not already playing and calls runTimerSuccessful upon success","status":"passed","title":"runs when the task is not already playing and calls runTimerSuccessful upon success"},{"ancestorTitles":["Saga: run_timer/worker"],"failureMessages":[],"fullName":"Saga: run_timer/worker runs when the task is not already playing and calls runTimerFailed upon failure","status":"passed","title":"runs when the task is not already playing and calls runTimerFailed upon failure"}],"endTime":1513943602592,"message":"","name":"/var/www/time-tracker/resources/assets/js/__test__/sagas/run_timer/worker.spec.js","startTime":1513943602532,"status":"passed","summary":""},{"assertionResults":[{"ancestorTitles":["Reducers: create_tasks"],"failureMessages":[],"fullName":"Reducers: create_tasks gives its default state","status":"passed","title":"gives its default state"},{"ancestorTitles":["Reducers: create_tasks"],"failureMessages":[],"fullName":"Reducers: create_tasks handles fieldToggle","status":"passed","title":"handles fieldToggle"},{"ancestorTitles":["Reducers: create_tasks"],"failureMessages":[],"fullName":"Reducers: create_tasks handles titleChange","status":"passed","title":"handles titleChange"},{"ancestorTitles":["Reducers: create_tasks"],"failureMessages":[],"fullName":"Reducers: create_tasks handles descriptionChange","status":"passed","title":"handles descriptionChange"},{"ancestorTitles":["Reducers: create_tasks"],"failureMessages":[],"fullName":"Reducers: create_tasks handles fieldAdd","status":"passed","title":"handles fieldAdd"},{"ancestorTitles":["Reducers: create_tasks"],"failureMessages":[],"fullName":"Reducers: create_tasks handles fieldRemove","status":"passed","title":"handles fieldRemove"},{"ancestorTitles":["Reducers: create_tasks"],"failureMessages":[],"fullName":"Reducers: create_tasks handles submitting","status":"passed","title":"handles submitting"},{"ancestorTitles":["Reducers: create_tasks"],"failureMessages":[],"fullName":"Reducers: create_tasks handles submitted","status":"passed","title":"handles submitted"},{"ancestorTitles":["Reducers: create_tasks"],"failureMessages":[],"fullName":"Reducers: create_tasks handles clearFetch","status":"passed","title":"handles clearFetch"}],"endTime":1513943602644,"message":"","name":"/var/www/time-tracker/resources/assets/js/__test__/reducers/create_tasks.spec.js","startTime":1513943602598,"status":"passed","summary":""},{"assertionResults":[{"ancestorTitles":["Saga: run_timer/watcher"],"failureMessages":[],"fullName":"Saga: run_timer/watcher continuously watches for actionTypes.runTimer action","status":"passed","title":"continuously watches for actionTypes.runTimer action"}],"endTime":1513943602687,"message":"","name":"/var/www/time-tracker/resources/assets/js/__test__/sagas/run_timer/watcher.spec.js","startTime":1513943602648,"status":"passed","summary":""},{"assertionResults":[{"ancestorTitles":["Saga: tasks/worker"],"failureMessages":[],"fullName":"Saga: tasks/worker selects selectFetchStatus","status":"passed","title":"selects selectFetchStatus"},{"ancestorTitles":["Saga: tasks/worker"],"failureMessages":[],"fullName":"Saga: tasks/worker does not do anything if we are sending","status":"passed","title":"does not do anything if we are sending"},{"ancestorTitles":["Saga: tasks/worker"],"failureMessages":[],"fullName":"Saga: tasks/worker puts fetching","status":"passed","title":"puts fetching"},{"ancestorTitles":["Saga: tasks/worker"],"failureMessages":[],"fullName":"Saga: tasks/worker sends a get-call to /tasks/paginate/{count}","status":"passed","title":"sends a get-call to /tasks/paginate/{count}"},{"ancestorTitles":["Saga: tasks/worker"],"failureMessages":[],"fullName":"Saga: tasks/worker puts fetched on success","status":"passed","title":"puts fetched on success"},{"ancestorTitles":["Saga: tasks/worker"],"failureMessages":[],"fullName":"Saga: tasks/worker handles exception","status":"passed","title":"handles exception"}],"endTime":1513943602762,"message":"","name":"/var/www/time-tracker/resources/assets/js/__test__/sagas/tasks/worker.spec.js","startTime":1513943602693,"status":"passed","summary":""},{"assertionResults":[{"ancestorTitles":["Saga: collections/watcher"],"failureMessages":[],"fullName":"Saga: collections/watcher continuously watches for actionTypes.fetch action","status":"passed","title":"continuously watches for actionTypes.fetch action"}],"endTime":1513943602822,"message":"","name":"/var/www/time-tracker/resources/assets/js/__test__/sagas/collections/watcher.spec.js","startTime":1513943602768,"status":"passed","summary":""},{"assertionResults":[{"ancestorTitles":["Saga: collections/worker"],"failureMessages":[],"fullName":"Saga: collections/worker selects selectFetchStatus","status":"passed","title":"selects selectFetchStatus"},{"ancestorTitles":["Saga: collections/worker"],"failureMessages":[],"fullName":"Saga: collections/worker does not do anything if we are sending","status":"passed","title":"does not do anything if we are sending"},{"ancestorTitles":["Saga: collections/worker"],"failureMessages":[],"fullName":"Saga: collections/worker puts fetching","status":"passed","title":"puts fetching"},{"ancestorTitles":["Saga: collections/worker"],"failureMessages":[],"fullName":"Saga: collections/worker sends a get-call to /collections/paginate/{count}","status":"passed","title":"sends a get-call to /collections/paginate/{count}"},{"ancestorTitles":["Saga: collections/worker"],"failureMessages":[],"fullName":"Saga: collections/worker puts fetched on success","status":"passed","title":"puts fetched on success"},{"ancestorTitles":["Saga: collections/worker"],"failureMessages":[],"fullName":"Saga: collections/worker handles exception","status":"passed","title":"handles exception"}],"endTime":1513943602872,"message":"","name":"/var/www/time-tracker/resources/assets/js/__test__/sagas/collections/worker.spec.js","startTime":1513943602827,"status":"passed","summary":""},{"assertionResults":[{"ancestorTitles":["Saga: tasks/watcher"],"failureMessages":[],"fullName":"Saga: tasks/watcher continuously watches for actionTypes.fetch action","status":"passed","title":"continuously watches for actionTypes.fetch action"}],"endTime":1513943602920,"message":"","name":"/var/www/time-tracker/resources/assets/js/__test__/sagas/tasks/watcher.spec.js","startTime":1513943602876,"status":"passed","summary":""},{"assertionResults":[{"ancestorTitles":["Reducers: tasks"],"failureMessages":[],"fullName":"Reducers: tasks gives its default state","status":"passed","title":"gives its default state"},{"ancestorTitles":["Reducers: tasks"],"failureMessages":[],"fullName":"Reducers: tasks handles fetching","status":"passed","title":"handles fetching"},{"ancestorTitles":["Reducers: tasks"],"failureMessages":[],"fullName":"Reducers: tasks handles fetched","status":"passed","title":"handles fetched"},{"ancestorTitles":["Reducers: tasks"],"failureMessages":[],"fullName":"Reducers: tasks handles prepend","status":"passed","title":"handles prepend"},{"ancestorTitles":["Reducers: tasks"],"failureMessages":[],"fullName":"Reducers: tasks handles runTimer","status":"passed","title":"handles runTimer"},{"ancestorTitles":["Reducers: tasks"],"failureMessages":[],"fullName":"Reducers: tasks handles pauseTimer","status":"passed","title":"handles pauseTimer"}],"endTime":1513943602953,"message":"","name":"/var/www/time-tracker/resources/assets/js/__test__/reducers/tasks.spec.js","startTime":1513943602924,"status":"passed","summary":""},{"assertionResults":[{"ancestorTitles":["Saga: notifications/watcher"],"failureMessages":[],"fullName":"Saga: notifications/watcher continuously watches for actionTypes.create action","status":"passed","title":"continuously watches for actionTypes.create action"}],"endTime":1513943602986,"message":"","name":"/var/www/time-tracker/resources/assets/js/__test__/sagas/notifications/watcher.spec.js","startTime":1513943602957,"status":"passed","summary":""},{"assertionResults":[{"ancestorTitles":["Reducers: collections"],"failureMessages":[],"fullName":"Reducers: collections gives its default state","status":"passed","title":"gives its default state"},{"ancestorTitles":["Reducers: collections"],"failureMessages":[],"fullName":"Reducers: collections handles fetching","status":"passed","title":"handles fetching"},{"ancestorTitles":["Reducers: collections"],"failureMessages":[],"fullName":"Reducers: collections handles fetched","status":"passed","title":"handles fetched"}],"endTime":1513943603026,"message":"","name":"/var/www/time-tracker/resources/assets/js/__test__/reducers/collections.spec.js","startTime":1513943602991,"status":"passed","summary":""},{"assertionResults":[{"ancestorTitles":["Reducer: notifications"],"failureMessages":[],"fullName":"Reducer: notifications gives its initial_state","status":"passed","title":"gives its initial_state"},{"ancestorTitles":["Reducer: notifications"],"failureMessages":[],"fullName":"Reducer: notifications handles actions.push","status":"passed","title":"handles actions.push"},{"ancestorTitles":["Reducer: notifications"],"failureMessages":[],"fullName":"Reducer: notifications handles actions.remove","status":"passed","title":"handles actions.remove"}],"endTime":1513943603054,"message":"","name":"/var/www/time-tracker/resources/assets/js/__test__/reducers/notifications.spec.js","startTime":1513943603029,"status":"passed","summary":""}],"wasInterrupted":false}